<?xml version="1.0" encoding="UTF-8"?>
<!-- Generated by org.testng.reporters.JUnitXMLReporter -->
<testsuite hostname="VANVU" ignored="0" name="Test" tests="1" failures="0" timestamp="2019-10-07T22:28:30 ICT" time="0.141" errors="0">
  <testcase name="@BeforeClass beforeClass" time="0.083" classname="tests.NewTest">
    <failure type="java.lang.NoSuchMethodError" message="com.google.common.base.Preconditions.checkState(ZLjava/lang/String;Ljava/lang/Object;)V">
      <![CDATA[java.lang.NoSuchMethodError: com.google.common.base.Preconditions.checkState(ZLjava/lang/String;Ljava/lang/Object;)V
at org.openqa.selenium.remote.service.DriverService.checkExecutable(DriverService.java:146)
at org.openqa.selenium.firefox.GeckoDriverService.access$000(GeckoDriverService.java:44)
at org.openqa.selenium.firefox.GeckoDriverService$Builder.usingFirefoxBinary(GeckoDriverService.java:160)
at org.openqa.selenium.firefox.FirefoxDriver.toExecutor(FirefoxDriver.java:187)
at org.openqa.selenium.firefox.FirefoxDriver.<init>(FirefoxDriver.java:147)
at org.openqa.selenium.firefox.FirefoxDriver.<init>(FirefoxDriver.java:125)
at tests.NewTest.beforeClass(NewTest.java:22)
at java.util.ArrayList.forEach(Unknown Source)
... Removed 25 stack frames]]>
    </failure>
  </testcase> <!-- @BeforeClass beforeClass -->
  <testcase name="@AfterClass afterClass" time="-1.570462110187E9" classname="tests.NewTest">
    <skipped/>
  </testcase> <!-- @AfterClass afterClass -->
  <testcase name="openMyBlog" time="0.0" classname="tests.NewTest">
    <skipped/>
  </testcase> <!-- openMyBlog -->
</testsuite> <!-- Test -->
